<?xml version="1.0" encoding="UTF-8"?>
<!-- Generated by org.testng.reporters.JUnitReportReporter -->
<testsuite name="Demo.Practice.CountProduct" tests="1" time="17.163" ignored="0" failures="0" timestamp="20 Aug 2020 20:44:11 GMT" skipped="0" hostname="LAPTOP-I1A1DS4U" errors="0">
  <testcase name="getCount" time="17.163" classname="Demo.Practice.CountProduct"/>
</testsuite> <!-- Demo.Practice.CountProduct -->
