<?xml version="1.0" encoding="UTF-8"?>
<!-- Generated by org.testng.reporters.JUnitReportReporter -->
<testsuite name="Demo.Practice.CountProduct" tests="1" time="14.402" ignored="0" failures="0" timestamp="20 Aug 2020 17:43:16 GMT" skipped="0" hostname="LAPTOP-I1A1DS4U" errors="0">
  <testcase name="getCount" time="14.402" classname="Demo.Practice.CountProduct"/>
</testsuite> <!-- Demo.Practice.CountProduct -->
